A51 MACRO ASSEMBLER  8051FLY_11BIT_ADDRESS                                                01/17/2015 22:06:45 PAGE     1


MACRO ASSEMBLER A51 V8.00
OBJECT MODULE PLACED IN C:\sbcHex\8051FLY_11BIT_ADDRESS.obj
ASSEMBLER INVOKED BY: C:\Keil\C51\BIN\A51.EXE 8051FLY_11BIT_ADDRESS.a SET(SMALL) DEBUG OBJECT(C:\sbcHex\8051FLY_11BIT_AD
                      DRESS.obj) EP

LOC  OBJ            LINE     SOURCE

0000                   1     ___FLY_11BIT_ADDRESS:
                       2     ; THIS A SR THAT ASSEMBLES CORRECTLY THE CODE 
                       3     ; FOR 'ABSOLUTE' (eg AJMP) INSTRUCTION SET
                       4     ; MEMORY LOCATION USED IN THIS SR ARE: 32H
                       5                                             
0000 753204            6                                             MOV                     32H, #04H                  
                                                  ; ENSURES THAT ONLY FOUR NIBBLES (ie 2 BYTE DATA) ARE ENTERED
0003 D204              7                                             SETB            04H                                
                                                  ; SET THE BYTE INDICATOR FOR A 2 BYTE(4 NIBBLE) OPERAND CONVERSION
0005 D206              8                                             SETB            06H                                
                                                  ; SET FLAG TO CAUSE THE ASCII_2_HEX SR TO CARRY OUT HIGH ORDER BYTE MARRIAGE FIRST
                       9     
0007                  10     ___F11BA_1:                     CALL            KEYPAD_ID
*** _________________________________________________________________________^
*** ERROR #A45 IN 10 (8051FLY_11BIT_ADDRESS.a, LINE 10): UNDEFINED SYMBOL (PASS-2)
000A 3001FA           11                                             JNB                     01H, ___F11BA_1
000D C201             12                                             CLR                     01H                                                     ; GET READY FOR NEXT KEY
                      13     
000F                  14                                             CALL            ASCII_2_HEX                                     ; DO THE CONVERSION
*** _________________________________________________________________________________^
*** ERROR #A45 IN 14 (8051FLY_11BIT_ADDRESS.a, LINE 14): UNDEFINED SYMBOL (PASS-2)
0012 3002F2           15                                             JNB                     02H, ___F11BA_1                         ; ENSURES THAT THE KEY PRESSED IS BETWEEN 0 - F IN HEX
0015 C202             16                                             CLR                     02H                                                     ; GET READY FOR NEXT KEY
                      17     
0017 E531             18                                             MOV             A,31H                                           ; DISPLAY THE NUMBER
0019                  19                                             CALL            LCD_SHO
*** _________________________________________________________________________________^
*** ERROR #A45 IN 19 (8051FLY_11BIT_ADDRESS.a, LINE 19): UNDEFINED SYMBOL (PASS-2)
001C D532E8           20                                             DJNZ            32H, ___F11BA_1                         ; CHECK IF FOUR NIBBLES (TWO BYTES) DATA HAVE BEEN ENTERED
                      21                                             ; THE RESULT OF THE CONVERSION WOULD BE IN 35H(HIGHER) & 34H(LOWER) BYTES
                      22     
                      23                                             ; MASK SOME OF THE BITS IN THE HIGHER ORDER BYTE TO GET ONLY A10, A9 & A8.
001F E535             24                                             MOV                     A, 35H
0021 5407             25                                             ANL                     A, #00000111B                           ; ONLY A10, A9 & A8     VALUES WOULD BE RETAINED; OTHERS = 0
0023 03               26                                             RR                      A                                                       ; ROTATE TO POSITION THEM AS A10,A9,A8,0,0,0,0,0
0024 03               27                                             RR                      A
0025 03               28                                             RR                      A
0026 4233             29                                             ORL                     33H, A                                          ; SAVE THE FINAL ANSWER IN 33H
0028                  30                                             CALL            FLY_OPCODE_SKIP                         ; JUST TO LOAD THE OPCODE ONLY
*** _________________________________________________________________________________^
*** ERROR #A45 IN 30 (8051FLY_11BIT_ADDRESS.a, LINE 30): UNDEFINED SYMBOL (PASS-2)
                      31                                             ; NOTICE THAT THIS SR HAS NO SEPARATE INSTRUCTIONS THAT ENSURES THE USER PRESSES THE 'NEXT KEY' ie '*'
                      32                                             ; THIS IS BECAUSE IN THE SR JUST ABOVE (FLY_OPCODE_SKIP) HAS THOSE INSTRUCTIONS ALREADY
002B D203             33                                             SETB            03H                                                     ; SELECT OPERAND TYPE IN THE 'NEXT SR' (NOT OPCODE TYPE)
002D D20E             34                                             SETB            0EH                                                     ; SELECT ADDRESS TYPE OPERAND IN THE 'NEXT SR' FOR 8051 ONLY
002F                  35                                             CALL            NEXT                                            ; CALL NEXT OSR TO PERMANENTLY SAVE THE OPERAND CODES
*** _________________________________________________________________________________^
*** ERROR #A45 IN 35 (8051FLY_11BIT_ADDRESS.a, LINE 35): UNDEFINED SYMBOL (PASS-2)
                      36     
0032 853A43           37                                             MOV                     43H, 3AH                                        ; SAVE THE CURRENT ADDRESS IN THE PAGE MEMORY (HOB)
0035 853942           38                                             MOV                     42H, 39H                                        ;                                                                                         (LOB)
                      39     
0038                  40                                             CALL            ADDRESS_DISPLAY_CONTROL         ; CALL THIS OSR TO CLEAR THE LCD SCREEN AND WRITE THE NEW ADDRESS IN LINE 1
*** _________________________________________________________________________________^
*** ERROR #A45 IN 40 (8051FLY_11BIT_ADDRESS.a, LINE 40): UNDEFINED SYMBOL (PASS-2)
                      41     
003B 22               42                                             RET     
A51 MACRO ASSEMBLER  8051FLY_11BIT_ADDRESS                                                01/17/2015 22:06:45 PAGE     2

*** WARNING #A41 IN 42 (8051FLY_11BIT_ADDRESS.a, LINE 42): MISSING 'END' STATEMENT
A51 MACRO ASSEMBLER  8051FLY_11BIT_ADDRESS                                                01/17/2015 22:06:45 PAGE     3

SYMBOL TABLE LISTING
------ ----- -------


N A M E                  T Y P E  V A L U E   ATTRIBUTES

ADDRESS_DISPLAY_CONTROL    ----   -----       
ASCII_2_HEX . . . . . .    ----   -----       
FLY_OPCODE_SKIP . . . .    ----   -----       
KEYPAD_ID . . . . . . .    ----   -----       
LCD_SHO . . . . . . . .    ----   -----       
NEXT. . . . . . . . . .    ----   -----       
___F11BA_1. . . . . . .  C ADDR   0007H   A   
___FLY_11BIT_ADDRESS. .  C ADDR   0000H   A   


REGISTER BANK(S) USED: 0 


ASSEMBLY COMPLETE.  1 WARNING(S), 6 ERROR(S)
